{
  "stats": {
    "suites": 1,
    "tests": 4,
    "passes": 4,
    "pending": 0,
    "failures": 0,
    "start": "2022-02-22T18:19:23.219Z",
    "end": "2022-02-22T18:20:33.797Z",
    "duration": 70578,
    "testsRegistered": 4,
    "passPercent": 100,
    "pendingPercent": 0,
    "other": 0,
    "hasOther": false,
    "skipped": 0,
    "hasSkipped": false
  },
  "results": [
    {
      "uuid": "a6e8c4f3-beec-4e54-bd64-2aeca4e0c033",
      "title": "",
      "fullFile": "cypress/integration/yemeksepeti_login/login.spec.js",
      "file": "cypress/integration/yemeksepeti_login/login.spec.js",
      "beforeHooks": [],
      "afterHooks": [],
      "tests": [],
      "suites": [
        {
          "uuid": "618e5b8e-59a1-409b-9b3c-002378644c39",
          "title": "Actions",
          "fullFile": "",
          "file": "",
          "beforeHooks": [],
          "afterHooks": [],
          "tests": [
            {
              "title": ".type() Valid email and pass - type into a DOM element",
              "fullTitle": "Actions .type() Valid email and pass - type into a DOM element",
              "timedOut": null,
              "duration": 32721,
              "state": "passed",
              "speed": "slow",
              "pass": true,
              "fail": false,
              "pending": false,
              "context": null,
              "code": "_login.default.enter_username(_login2.default.valid_email);\n_login.default.enter_pass(_login2.default.valid_pass);\n_login.default.click_login();\n_login.default.verify_login(_login2.default.ysusername);\n_loginmain.default.click_logout();",
              "err": {},
              "uuid": "98728874-929f-4de4-b9b2-243f44437107",
              "parentUUID": "618e5b8e-59a1-409b-9b3c-002378644c39",
              "isHook": false,
              "skipped": false
            },
            {
              "title": ".type() Valid email Invalid Pass - type into a DOM element",
              "fullTitle": "Actions .type() Valid email Invalid Pass - type into a DOM element",
              "timedOut": null,
              "duration": 14648,
              "state": "passed",
              "speed": "slow",
              "pass": true,
              "fail": false,
              "pending": false,
              "context": null,
              "code": "_login.default.enter_username(_login2.default.valid_email);\n_login.default.enter_pass(_login2.default.invalid_pass);\n_login.default.click_login();\n_login.default.check_warning(_login2.default.warningmessage);",
              "err": {},
              "uuid": "b2140652-f497-41c8-a24e-c335ff07e7f0",
              "parentUUID": "618e5b8e-59a1-409b-9b3c-002378644c39",
              "isHook": false,
              "skipped": false
            },
            {
              "title": ".type() InValid email Invalid Pass - type into a DOM element",
              "fullTitle": "Actions .type() InValid email Invalid Pass - type into a DOM element",
              "timedOut": null,
              "duration": 10641,
              "state": "passed",
              "speed": "slow",
              "pass": true,
              "fail": false,
              "pending": false,
              "context": null,
              "code": "_login.default.enter_username(_login2.default.invalid_email);\n_login.default.enter_pass(_login2.default.invalid_pass);\n_login.default.click_login();\n_login.default.check_warning(_login2.default.warningmessage);",
              "err": {},
              "uuid": "24b503eb-d376-4c89-9be2-57994f8e7625",
              "parentUUID": "618e5b8e-59a1-409b-9b3c-002378644c39",
              "isHook": false,
              "skipped": false
            },
            {
              "title": ".type() InValid email valid Pass - type into a DOM element",
              "fullTitle": "Actions .type() InValid email valid Pass - type into a DOM element",
              "timedOut": null,
              "duration": 6409,
              "state": "passed",
              "speed": "medium",
              "pass": true,
              "fail": false,
              "pending": false,
              "context": null,
              "code": "_login.default.enter_username(_login2.default.invalid_email);\n_login.default.enter_pass(_login2.default.valid_pass);\n_login.default.click_login();\n_login.default.check_warning(_login2.default.warningmessage);",
              "err": {},
              "uuid": "2056b664-67c2-46ff-95b1-b7f5f6350d34",
              "parentUUID": "618e5b8e-59a1-409b-9b3c-002378644c39",
              "isHook": false,
              "skipped": false
            }
          ],
          "suites": [],
          "passes": [
            "98728874-929f-4de4-b9b2-243f44437107",
            "b2140652-f497-41c8-a24e-c335ff07e7f0",
            "24b503eb-d376-4c89-9be2-57994f8e7625",
            "2056b664-67c2-46ff-95b1-b7f5f6350d34"
          ],
          "failures": [],
          "pending": [],
          "skipped": [],
          "duration": 64419,
          "root": false,
          "rootEmpty": false,
          "_timeout": 2000
        }
      ],
      "passes": [],
      "failures": [],
      "pending": [],
      "skipped": [],
      "duration": 0,
      "root": true,
      "rootEmpty": true,
      "_timeout": 2000
    }
  ],
  "meta": {
    "mocha": {
      "version": "7.0.1"
    },
    "mochawesome": {
      "options": {
        "quiet": false,
        "reportFilename": "mochawesome",
        "saveHtml": true,
        "saveJson": true,
        "consoleReporter": "spec",
        "useInlineDiffs": false,
        "code": true
      },
      "version": "6.3.1"
    },
    "marge": {
      "options": {
        "id": "default"
      },
      "version": "5.2.0"
    }
  }
}